<?xml version="1.0" encoding="UTF-8"?>
<testng-results ignored="0" total="1" passed="1" failed="0" skipped="0">
  <reporter-output>
  </reporter-output>
  <suite started-at="2021-09-26T21:21:57 AEST" name="Suite" finished-at="2021-09-26T21:23:12 AEST" duration-ms="74854">
    <groups>
    </groups>
    <test started-at="2021-09-26T21:21:57 AEST" name="Test" finished-at="2021-09-26T21:23:12 AEST" duration-ms="74854">
      <class name="TestCases.TC2_VerifyArticleWithLogs">
        <test-method is-config="true" signature="launchapplicationAndNavigatetoArticle()[pri:0, instance:TestCases.TC2_VerifyArticleWithLogs@94f6bfb]" started-at="2021-09-26T21:21:58 AEST" name="launchapplicationAndNavigatetoArticle" finished-at="2021-09-26T21:23:10 AEST" duration-ms="72656" status="PASS">
          <reporter-output>
          </reporter-output>
        </test-method> <!-- launchapplicationAndNavigatetoArticle -->
        <test-method signature="VerifyArticle()[pri:0, instance:TestCases.TC2_VerifyArticleWithLogs@94f6bfb]" started-at="2021-09-26T21:23:10 AEST" name="VerifyArticle" finished-at="2021-09-26T21:23:11 AEST" duration-ms="463" status="PASS">
          <reporter-output>
          </reporter-output>
        </test-method> <!-- VerifyArticle -->
        <test-method is-config="true" signature="tearDown()[pri:0, instance:TestCases.TC2_VerifyArticleWithLogs@94f6bfb]" started-at="2021-09-26T21:23:11 AEST" name="tearDown" finished-at="2021-09-26T21:23:12 AEST" duration-ms="1493" status="PASS">
          <reporter-output>
          </reporter-output>
        </test-method> <!-- tearDown -->
      </class> <!-- TestCases.TC2_VerifyArticleWithLogs -->
    </test> <!-- Test -->
  </suite> <!-- Suite -->
</testng-results>
